D:\TONI\MFCPROJECT\CONSOLEAPPLICATION3\CONSOLEAPPLICATION3\DEBUG\TEST.OBJ
D:\TONI\MFCPROJECT\CONSOLEAPPLICATION3\CONSOLEAPPLICATION3\DEBUG\VC110.PDB
D:\TONI\MFCPROJECT\CONSOLEAPPLICATION3\DEBUG\CONSOLEAPPLICATION3.ILK
D:\TONI\MFCPROJECT\CONSOLEAPPLICATION3\DEBUG\CONSOLEAPPLICATION3.EXE
D:\TONI\MFCPROJECT\CONSOLEAPPLICATION3\DEBUG\CONSOLEAPPLICATION3.PDB
D:\toni\MFCProject\ConsoleApplication3\ConsoleApplication3\Debug\Test.obj
D:\toni\MFCProject\ConsoleApplication3\ConsoleApplication3\Debug\cl.command.1.tlog
D:\toni\MFCProject\ConsoleApplication3\ConsoleApplication3\Debug\CL.read.1.tlog
D:\toni\MFCProject\ConsoleApplication3\ConsoleApplication3\Debug\CL.write.1.tlog
D:\toni\MFCProject\ConsoleApplication3\ConsoleApplication3\Debug\link-cvtres.read.1.tlog
D:\toni\MFCProject\ConsoleApplication3\ConsoleApplication3\Debug\link-cvtres.write.1.tlog
D:\toni\MFCProject\ConsoleApplication3\ConsoleApplication3\Debug\link-rc.read.1.tlog
D:\toni\MFCProject\ConsoleApplication3\ConsoleApplication3\Debug\link-rc.write.1.tlog
D:\toni\MFCProject\ConsoleApplication3\ConsoleApplication3\Debug\link.command.1.tlog
D:\toni\MFCProject\ConsoleApplication3\ConsoleApplication3\Debug\link.read.1.tlog
D:\toni\MFCProject\ConsoleApplication3\ConsoleApplication3\Debug\link.write.1.tlog
D:\toni\MFCProject\ConsoleApplication3\ConsoleApplication3\Debug\vc110.idb
D:\toni\MFCProject\ConsoleApplication3\ConsoleApplication3\Debug\vc110.pdb
D:\toni\MFCProject\ConsoleApplication3\Debug\ConsoleApplication3.pdb
D:\toni\MFCProject\ConsoleApplication3\Debug\ConsoleApplication3.exe
D:\toni\MFCProject\ConsoleApplication3\Debug\ConsoleApplication3.ilk
